{"/home/bharath.reddy@npci.org.in/Desktop/Practice/React/AFSD/Blog-App-selenium/src/TestFiles/CompStateTest/CounterStateTest.js": {"path":"/home/bharath.reddy@npci.org.in/Desktop/Practice/React/AFSD/Blog-App-selenium/src/TestFiles/CompStateTest/CounterStateTest.js","statementMap":{"0":{"start":{"line":7,"column":0},"end":{"line":16,"column":3}},"1":{"start":{"line":8,"column":24},"end":{"line":8,"column":43}},"2":{"start":{"line":10,"column":20},"end":{"line":10,"column":41}},"3":{"start":{"line":11,"column":17},"end":{"line":11,"column":39}},"4":{"start":{"line":13,"column":2},"end":{"line":13,"column":26}},"5":{"start":{"line":15,"column":2},"end":{"line":15,"column":49}}},"fnMap":{"0":{"name":"(anonymous_0)","decl":{"start":{"line":7,"column":52},"end":{"line":7,"column":53}},"loc":{"start":{"line":7,"column":58},"end":{"line":16,"column":1}},"line":7}},"branchMap":{},"s":{"0":0,"1":0,"2":0,"3":0,"4":0,"5":0},"f":{"0":0},"b":{}}
,"/home/bharath.reddy@npci.org.in/Desktop/Practice/React/AFSD/Blog-App-selenium/src/TestFiles/SeleniumTest/LoginTest.js": {"path":"/home/bharath.reddy@npci.org.in/Desktop/Practice/React/AFSD/Blog-App-selenium/src/TestFiles/SeleniumTest/LoginTest.js","statementMap":{"0":{"start":{"line":1,"column":27},"end":{"line":1,"column":56}},"1":{"start":{"line":5,"column":17},"end":{"line":5,"column":65}},"2":{"start":{"line":8,"column":4},"end":{"line":27,"column":5}},"3":{"start":{"line":10,"column":8},"end":{"line":10,"column":55}},"4":{"start":{"line":12,"column":8},"end":{"line":12,"column":68}},"5":{"start":{"line":13,"column":8},"end":{"line":13,"column":68}},"6":{"start":{"line":15,"column":8},"end":{"line":15,"column":63}},"7":{"start":{"line":17,"column":8},"end":{"line":17,"column":58}},"8":{"start":{"line":18,"column":8},"end":{"line":18,"column":77}},"9":{"start":{"line":20,"column":8},"end":{"line":20,"column":43}},"10":{"start":{"line":24,"column":8},"end":{"line":24,"column":49}},"11":{"start":{"line":26,"column":8},"end":{"line":26,"column":27}},"12":{"start":{"line":32,"column":0},"end":{"line":32,"column":11}}},"fnMap":{"0":{"name":"loginTest","decl":{"start":{"line":3,"column":15},"end":{"line":3,"column":24}},"loc":{"start":{"line":3,"column":27},"end":{"line":29,"column":1}},"line":3}},"branchMap":{},"s":{"0":0,"1":0,"2":0,"3":0,"4":0,"5":0,"6":0,"7":0,"8":0,"9":0,"10":0,"11":0,"12":0},"f":{"0":0},"b":{}}
,"/home/bharath.reddy@npci.org.in/Desktop/Practice/React/AFSD/Blog-App-selenium/src/allComponents/AboutUs.js": {"path":"/home/bharath.reddy@npci.org.in/Desktop/Practice/React/AFSD/Blog-App-selenium/src/allComponents/AboutUs.js","statementMap":{"0":{"start":{"line":4,"column":2},"end":{"line":73,"column":4}}},"fnMap":{"0":{"name":"AboutUs","decl":{"start":{"line":3,"column":9},"end":{"line":3,"column":16}},"loc":{"start":{"line":3,"column":19},"end":{"line":74,"column":1}},"line":3}},"branchMap":{},"s":{"0":1},"f":{"0":1},"b":{},"_coverageSchema":"1a1c01bbd47fc00a2c39e90264f33305004495a9","hash":"dfd9fa9f512d9a93adacd898a3296999bb3f414e"}
,"/home/bharath.reddy@npci.org.in/Desktop/Practice/React/AFSD/Blog-App-selenium/src/allComponents/AuthContext.js": {"path":"/home/bharath.reddy@npci.org.in/Desktop/Practice/React/AFSD/Blog-App-selenium/src/allComponents/AuthContext.js","statementMap":{"0":{"start":{"line":3,"column":20},"end":{"line":3,"column":35}},"1":{"start":{"line":6,"column":2},"end":{"line":6,"column":33}},"2":{"start":{"line":10,"column":48},"end":{"line":10,"column":63}},"3":{"start":{"line":12,"column":16},"end":{"line":14,"column":3}},"4":{"start":{"line":13,"column":4},"end":{"line":13,"column":29}},"5":{"start":{"line":16,"column":17},"end":{"line":18,"column":3}},"6":{"start":{"line":17,"column":4},"end":{"line":17,"column":30}},"7":{"start":{"line":20,"column":16},"end":{"line":24,"column":3}},"8":{"start":{"line":26,"column":2},"end":{"line":26,"column":79}}},"fnMap":{"0":{"name":"useAuth","decl":{"start":{"line":5,"column":16},"end":{"line":5,"column":23}},"loc":{"start":{"line":5,"column":26},"end":{"line":7,"column":1}},"line":5},"1":{"name":"AuthProvider","decl":{"start":{"line":9,"column":16},"end":{"line":9,"column":28}},"loc":{"start":{"line":9,"column":43},"end":{"line":27,"column":1}},"line":9},"2":{"name":"(anonymous_2)","decl":{"start":{"line":12,"column":16},"end":{"line":12,"column":17}},"loc":{"start":{"line":12,"column":22},"end":{"line":14,"column":3}},"line":12},"3":{"name":"(anonymous_3)","decl":{"start":{"line":16,"column":17},"end":{"line":16,"column":18}},"loc":{"start":{"line":16,"column":23},"end":{"line":18,"column":3}},"line":16}},"branchMap":{},"s":{"0":3,"1":2,"2":2,"3":2,"4":0,"5":2,"6":0,"7":2,"8":2},"f":{"0":2,"1":2,"2":0,"3":0},"b":{},"_coverageSchema":"1a1c01bbd47fc00a2c39e90264f33305004495a9","hash":"06fd5cc7d30d5127c5a29eac57f0865e7ece9487"}
,"/home/bharath.reddy@npci.org.in/Desktop/Practice/React/AFSD/Blog-App-selenium/src/allComponents/ContactUs.js": {"path":"/home/bharath.reddy@npci.org.in/Desktop/Practice/React/AFSD/Blog-App-selenium/src/allComponents/ContactUs.js","statementMap":{"0":{"start":{"line":6,"column":24},"end":{"line":6,"column":36}},"1":{"start":{"line":7,"column":32},"end":{"line":7,"column":44}},"2":{"start":{"line":8,"column":2},"end":{"line":70,"column":4}},"3":{"start":{"line":20,"column":114},"end":{"line":20,"column":137}},"4":{"start":{"line":49,"column":63},"end":{"line":49,"column":103}}},"fnMap":{"0":{"name":"ContactUs","decl":{"start":{"line":4,"column":9},"end":{"line":4,"column":18}},"loc":{"start":{"line":4,"column":21},"end":{"line":71,"column":1}},"line":4},"1":{"name":"(anonymous_1)","decl":{"start":{"line":20,"column":107},"end":{"line":20,"column":108}},"loc":{"start":{"line":20,"column":114},"end":{"line":20,"column":137}},"line":20},"2":{"name":"(anonymous_2)","decl":{"start":{"line":49,"column":57},"end":{"line":49,"column":58}},"loc":{"start":{"line":49,"column":63},"end":{"line":49,"column":103}},"line":49}},"branchMap":{},"s":{"0":5,"1":5,"2":5,"3":1,"4":1},"f":{"0":5,"1":1,"2":1},"b":{},"_coverageSchema":"1a1c01bbd47fc00a2c39e90264f33305004495a9","hash":"c471c6b0fadedb44f560cc3503c1cf0659e44cda"}
,"/home/bharath.reddy@npci.org.in/Desktop/Practice/React/AFSD/Blog-App-selenium/src/allComponents/Greeting.js": {"path":"/home/bharath.reddy@npci.org.in/Desktop/Practice/React/AFSD/Blog-App-selenium/src/allComponents/Greeting.js","statementMap":{"0":{"start":{"line":4,"column":2},"end":{"line":8,"column":4}}},"fnMap":{"0":{"name":"Greeting","decl":{"start":{"line":3,"column":9},"end":{"line":3,"column":17}},"loc":{"start":{"line":3,"column":28},"end":{"line":9,"column":1}},"line":3}},"branchMap":{},"s":{"0":1},"f":{"0":1},"b":{},"_coverageSchema":"1a1c01bbd47fc00a2c39e90264f33305004495a9","hash":"5430dd926ea24b183cf263ede4fed6aa88146622"}
,"/home/bharath.reddy@npci.org.in/Desktop/Practice/React/AFSD/Blog-App-selenium/src/allComponents/Header.js": {"path":"/home/bharath.reddy@npci.org.in/Desktop/Practice/React/AFSD/Blog-App-selenium/src/allComponents/Header.js","statementMap":{"0":{"start":{"line":8,"column":38},"end":{"line":8,"column":47}},"1":{"start":{"line":9,"column":19},"end":{"line":9,"column":32}},"2":{"start":{"line":11,"column":23},"end":{"line":14,"column":3}},"3":{"start":{"line":12,"column":4},"end":{"line":12,"column":13}},"4":{"start":{"line":13,"column":4},"end":{"line":13,"column":18}},"5":{"start":{"line":16,"column":2},"end":{"line":57,"column":4}}},"fnMap":{"0":{"name":"Header","decl":{"start":{"line":6,"column":9},"end":{"line":6,"column":15}},"loc":{"start":{"line":6,"column":18},"end":{"line":58,"column":1}},"line":6},"1":{"name":"(anonymous_1)","decl":{"start":{"line":11,"column":23},"end":{"line":11,"column":24}},"loc":{"start":{"line":11,"column":29},"end":{"line":14,"column":3}},"line":11}},"branchMap":{"0":{"loc":{"start":{"line":38,"column":13},"end":{"line":51,"column":13}},"type":"cond-expr","locations":[{"start":{"line":39,"column":14},"end":{"line":46,"column":17}},{"start":{"line":48,"column":14},"end":{"line":50,"column":19}}],"line":38}},"s":{"0":2,"1":2,"2":2,"3":0,"4":0,"5":2},"f":{"0":2,"1":0},"b":{"0":[0,2]},"_coverageSchema":"1a1c01bbd47fc00a2c39e90264f33305004495a9","hash":"a776f2e4b7fdba7b012e3e53f016854c49462a23"}
,"/home/bharath.reddy@npci.org.in/Desktop/Practice/React/AFSD/Blog-App-selenium/src/allComponents/Home.js": {"path":"/home/bharath.reddy@npci.org.in/Desktop/Practice/React/AFSD/Blog-App-selenium/src/allComponents/Home.js","statementMap":{"0":{"start":{"line":4,"column":2},"end":{"line":16,"column":4}}},"fnMap":{"0":{"name":"Home","decl":{"start":{"line":3,"column":9},"end":{"line":3,"column":13}},"loc":{"start":{"line":3,"column":16},"end":{"line":17,"column":1}},"line":3}},"branchMap":{},"s":{"0":2},"f":{"0":2},"b":{},"_coverageSchema":"1a1c01bbd47fc00a2c39e90264f33305004495a9","hash":"7025485021009c90cf727e31659a58c09448f194"}
,"/home/bharath.reddy@npci.org.in/Desktop/Practice/React/AFSD/Blog-App-selenium/src/allComponents/DummyData/blogs.js": {"path":"/home/bharath.reddy@npci.org.in/Desktop/Practice/React/AFSD/Blog-App-selenium/src/allComponents/DummyData/blogs.js","statementMap":{"0":{"start":{"line":1,"column":17},"end":{"line":50,"column":1}}},"fnMap":{},"branchMap":{},"s":{"0":3},"f":{},"b":{},"_coverageSchema":"1a1c01bbd47fc00a2c39e90264f33305004495a9","hash":"86f4191e02f9a086f2a6a323703eb81a31f947b3"}
}
