TN:
SF:src/TestFiles/CompStateTest/CounterStateTest.js
FN:7,(anonymous_0)
FNF:1
FNH:0
FNDA:0,(anonymous_0)
DA:7,0
DA:8,0
DA:10,0
DA:11,0
DA:13,0
DA:15,0
LF:6
LH:0
BRF:0
BRH:0
end_of_record
TN:
SF:src/TestFiles/SeleniumTest/LoginTest.js
FN:3,loginTest
FNF:1
FNH:0
FNDA:0,loginTest
DA:1,0
DA:5,0
DA:8,0
DA:10,0
DA:12,0
DA:13,0
DA:15,0
DA:17,0
DA:18,0
DA:20,0
DA:24,0
DA:26,0
DA:32,0
LF:13
LH:0
BRF:0
BRH:0
end_of_record
TN:
SF:src/allComponents/AboutUs.js
FN:3,AboutUs
FNF:1
FNH:1
FNDA:1,AboutUs
DA:4,1
LF:1
LH:1
BRF:0
BRH:0
end_of_record
TN:
SF:src/allComponents/AuthContext.js
FN:5,useAuth
FN:9,AuthProvider
FN:12,(anonymous_2)
FN:16,(anonymous_3)
FNF:4
FNH:2
FNDA:2,useAuth
FNDA:2,AuthProvider
FNDA:0,(anonymous_2)
FNDA:0,(anonymous_3)
DA:3,3
DA:6,2
DA:10,2
DA:12,2
DA:13,0
DA:16,2
DA:17,0
DA:20,2
DA:26,2
LF:9
LH:7
BRF:0
BRH:0
end_of_record
TN:
SF:src/allComponents/ContactUs.js
FN:4,ContactUs
FN:20,(anonymous_1)
FN:49,(anonymous_2)
FNF:3
FNH:3
FNDA:5,ContactUs
FNDA:1,(anonymous_1)
FNDA:1,(anonymous_2)
DA:6,5
DA:7,5
DA:8,5
DA:20,1
DA:49,1
LF:5
LH:5
BRF:0
BRH:0
end_of_record
TN:
SF:src/allComponents/Greeting.js
FN:3,Greeting
FNF:1
FNH:1
FNDA:1,Greeting
DA:4,1
LF:1
LH:1
BRF:0
BRH:0
end_of_record
TN:
SF:src/allComponents/Header.js
FN:6,Header
FN:11,(anonymous_1)
FNF:2
FNH:1
FNDA:2,Header
FNDA:0,(anonymous_1)
DA:8,2
DA:9,2
DA:11,2
DA:12,0
DA:13,0
DA:16,2
LF:6
LH:4
BRDA:38,0,0,0
BRDA:38,0,1,2
BRF:2
BRH:1
end_of_record
TN:
SF:src/allComponents/Home.js
FN:3,Home
FNF:1
FNH:1
FNDA:2,Home
DA:4,2
LF:1
LH:1
BRF:0
BRH:0
end_of_record
TN:
SF:src/allComponents/DummyData/blogs.js
FNF:0
FNH:0
DA:1,3
LF:1
LH:1
BRF:0
BRH:0
end_of_record
